# JRE version: Java(TM) SE Runtime Environment (8.0_144-b01) (build 1.8.0_144-b01)
# Java VM: Java HotSpot(TM) 64-Bit Server VM (25.144-b01 mixed mode windows-amd64 compressed oops)
Heap:
 PSYoungGen      total 115712K, used 29835K [0x00000000d5d00000, 0x00000000de280000, 0x0000000100000000)
  eden space 109056K, 21% used [0x00000000d5d00000,0x00000000d74204f0,0x00000000dc780000)
  from space 6656K, 92% used [0x00000000ddc00000,0x00000000de202898,0x00000000de280000)
  to   space 13824K, 0% used [0x00000000dc780000,0x00000000dc780000,0x00000000dd500000)
 ParOldGen       total 94720K, used 21928K [0x0000000081600000, 0x0000000087280000, 0x00000000d5d00000)
  object space 94720K, 23% used [0x0000000081600000,0x0000000082b6a1c8,0x0000000087280000)
 Metaspace       used 42513K, capacity 43370K, committed 43608K, reserved 1087488K
  class space    used 5902K, capacity 6152K, committed 6272K, reserved 1048576K
GC Heap History (10 events):
Event: 4.849 GC heap before
{Heap before GC invocations=8 (full 1):
 PSYoungGen      total 57856K, used 57624K [0x00000000d5d00000, 0x00000000dac00000, 0x0000000100000000)
  eden space 54272K, 100% used [0x00000000d5d00000,0x00000000d9200000,0x00000000d9200000)
  from space 3584K, 93% used [0x00000000da880000,0x00000000dabc6348,0x00000000dac00000)
  to   space 11264K, 0% used [0x00000000d9600000,0x00000000d9600000,0x00000000da100000)
 ParOldGen       total 61952K, used 10669K [0x0000000081600000, 0x0000000085280000, 0x00000000d5d00000)
  object space 61952K, 17% used [0x0000000081600000,0x000000008206b588,0x0000000085280000)
 Metaspace       used 26582K, capacity 27018K, committed 27392K, reserved 1073152K
  class space    used 3689K, capacity 3836K, committed 3840K, reserved 1048576K
Event: 4.856 GC heap after
Heap after GC invocations=8 (full 1):
 PSYoungGen      total 69632K, used 5344K [0x00000000d5d00000, 0x00000000dc580000, 0x0000000100000000)
  eden space 58368K, 0% used [0x00000000d5d00000,0x00000000d5d00000,0x00000000d9600000)
  from space 11264K, 47% used [0x00000000d9600000,0x00000000d9b38050,0x00000000da100000)
  to   space 10752K, 0% used [0x00000000dbb00000,0x00000000dbb00000,0x00000000dc580000)
 ParOldGen       total 61952K, used 10741K [0x0000000081600000, 0x0000000085280000, 0x00000000d5d00000)
  object space 61952K, 17% used [0x0000000081600000,0x000000008207d598,0x0000000085280000)
 Metaspace       used 26582K, capacity 27018K, committed 27392K, reserved 1073152K
  class space    used 3689K, capacity 3836K, committed 3840K, reserved 1048576K
}
Event: 5.558 GC heap before
{Heap before GC invocations=9 (full 1):
 PSYoungGen      total 69632K, used 63712K [0x00000000d5d00000, 0x00000000dc580000, 0x0000000100000000)
  eden space 58368K, 100% used [0x00000000d5d00000,0x00000000d9600000,0x00000000d9600000)
  from space 11264K, 47% used [0x00000000d9600000,0x00000000d9b38050,0x00000000da100000)
  to   space 10752K, 0% used [0x00000000dbb00000,0x00000000dbb00000,0x00000000dc580000)
 ParOldGen       total 61952K, used 10741K [0x0000000081600000, 0x0000000085280000, 0x00000000d5d00000)
  object space 61952K, 17% used [0x0000000081600000,0x000000008207d598,0x0000000085280000)
 Metaspace       used 30837K, capacity 31302K, committed 31616K, reserved 1077248K
  class space    used 4242K, capacity 4416K, committed 4480K, reserved 1048576K
Event: 5.581 GC heap after
Heap after GC invocations=9 (full 1):
 PSYoungGen      total 95744K, used 8662K [0x00000000d5d00000, 0x00000000dce80000, 0x0000000100000000)
  eden space 84992K, 0% used [0x00000000d5d00000,0x00000000d5d00000,0x00000000db000000)
  from space 10752K, 80% used [0x00000000dbb00000,0x00000000dc375ab0,0x00000000dc580000)
  to   space 11264K, 0% used [0x00000000db000000,0x00000000db000000,0x00000000dbb00000)
 ParOldGen       total 61952K, used 10749K [0x0000000081600000, 0x0000000085280000, 0x00000000d5d00000)
  object space 61952K, 17% used [0x0000000081600000,0x000000008207f598,0x0000000085280000)
 Metaspace       used 30837K, capacity 31302K, committed 31616K, reserved 1077248K
  class space    used 4242K, capacity 4416K, committed 4480K, reserved 1048576K
}
Event: 6.576 GC heap before
{Heap before GC invocations=10 (full 1):
 PSYoungGen      total 95744K, used 81300K [0x00000000d5d00000, 0x00000000dce80000, 0x0000000100000000)
  eden space 84992K, 85% used [0x00000000d5d00000,0x00000000da3ef830,0x00000000db000000)
  from space 10752K, 80% used [0x00000000dbb00000,0x00000000dc375ab0,0x00000000dc580000)
  to   space 11264K, 0% used [0x00000000db000000,0x00000000db000000,0x00000000dbb00000)
 ParOldGen       total 61952K, used 10749K [0x0000000081600000, 0x0000000085280000, 0x00000000d5d00000)
  object space 61952K, 17% used [0x0000000081600000,0x000000008207f598,0x0000000085280000)
 Metaspace       used 34512K, capacity 35072K, committed 35416K, reserved 1079296K
  class space    used 4756K, capacity 4963K, committed 4992K, reserved 1048576K
Event: 6.599 GC heap after
Heap after GC invocations=10 (full 1):
 PSYoungGen      total 96256K, used 11263K [0x00000000d5d00000, 0x00000000dea00000, 0x0000000100000000)
  eden space 84992K, 0% used [0x00000000d5d00000,0x00000000d5d00000,0x00000000db000000)
  from space 11264K, 99% used [0x00000000db000000,0x00000000dbaffe08,0x00000000dbb00000)
  to   space 14336K, 0% used [0x00000000ddc00000,0x00000000ddc00000,0x00000000dea00000)
 ParOldGen       total 61952K, used 13932K [0x0000000081600000, 0x0000000085280000, 0x00000000d5d00000)
  object space 61952K, 22% used [0x0000000081600000,0x000000008239b2a0,0x0000000085280000)
 Metaspace       used 34512K, capacity 35072K, committed 35416K, reserved 1079296K
  class space    used 4756K, capacity 4963K, committed 4992K, reserved 1048576K
}
Event: 6.599 GC heap before
{Heap before GC invocations=11 (full 2):
 PSYoungGen      total 96256K, used 11263K [0x00000000d5d00000, 0x00000000dea00000, 0x0000000100000000)
  eden space 84992K, 0% used [0x00000000d5d00000,0x00000000d5d00000,0x00000000db000000)
  from space 11264K, 99% used [0x00000000db000000,0x00000000dbaffe08,0x00000000dbb00000)
  to   space 14336K, 0% used [0x00000000ddc00000,0x00000000ddc00000,0x00000000dea00000)
 ParOldGen       total 61952K, used 13932K [0x0000000081600000, 0x0000000085280000, 0x00000000d5d00000)
  object space 61952K, 22% used [0x0000000081600000,0x000000008239b2a0,0x0000000085280000)
 Metaspace       used 34512K, capacity 35072K, committed 35416K, reserved 1079296K
  class space    used 4756K, capacity 4963K, committed 4992K, reserved 1048576K
Event: 6.690 GC heap after
Heap after GC invocations=11 (full 2):
 PSYoungGen      total 96256K, used 0K [0x00000000d5d00000, 0x00000000dea00000, 0x0000000100000000)
  eden space 84992K, 0% used [0x00000000d5d00000,0x00000000d5d00000,0x00000000db000000)
  from space 11264K, 0% used [0x00000000db000000,0x00000000db000000,0x00000000dbb00000)
  to   space 14336K, 0% used [0x00000000ddc00000,0x00000000ddc00000,0x00000000dea00000)
 ParOldGen       total 94720K, used 21856K [0x0000000081600000, 0x0000000087280000, 0x00000000d5d00000)
  object space 94720K, 23% used [0x0000000081600000,0x0000000082b581b8,0x0000000087280000)
 Metaspace       used 34512K, capacity 35072K, committed 35416K, reserved 1079296K
  class space    used 4756K, capacity 4963K, committed 4992K, reserved 1048576K
}
Event: 13.208 GC heap before
{Heap before GC invocations=12 (full 2):
 PSYoungGen      total 96256K, used 84992K [0x00000000d5d00000, 0x00000000dea00000, 0x0000000100000000)
  eden space 84992K, 100% used [0x00000000d5d00000,0x00000000db000000,0x00000000db000000)
  from space 11264K, 0% used [0x00000000db000000,0x00000000db000000,0x00000000dbb00000)
  to   space 14336K, 0% used [0x00000000ddc00000,0x00000000ddc00000,0x00000000dea00000)
 ParOldGen       total 94720K, used 21856K [0x0000000081600000, 0x0000000087280000, 0x00000000d5d00000)
  object space 94720K, 23% used [0x0000000081600000,0x0000000082b581b8,0x0000000087280000)
 Metaspace       used 41758K, capacity 42438K, committed 42584K, reserved 1085440K
  class space    used 5774K, capacity 6002K, committed 6016K, reserved 1048576K
Event: 13.213 GC heap after
Heap after GC invocations=12 (full 2):
 PSYoungGen      total 115712K, used 6154K [0x00000000d5d00000, 0x00000000de280000, 0x0000000100000000)
  eden space 109056K, 0% used [0x00000000d5d00000,0x00000000d5d00000,0x00000000dc780000)
  from space 6656K, 92% used [0x00000000ddc00000,0x00000000de202898,0x00000000de280000)
  to   space 13824K, 0% used [0x00000000dc780000,0x00000000dc780000,0x00000000dd500000)
 ParOldGen       total 94720K, used 21928K [0x0000000081600000, 0x0000000087280000, 0x00000000d5d00000)
  object space 94720K, 23% used [0x0000000081600000,0x0000000082b6a1c8,0x0000000087280000)
 Metaspace       used 41758K, capacity 42438K, committed 42584K, reserved 1085440K
  class space    used 5774K, capacity 6002K, committed 6016K, reserved 1048576K
}

