# JRE version: Java(TM) SE Runtime Environment (8.0_144-b01) (build 1.8.0_144-b01)
# Java VM: Java HotSpot(TM) 64-Bit Server VM (25.144-b01 mixed mode windows-amd64 compressed oops)
Heap:
 PSYoungGen      total 112128K, used 20154K [0x00000000d5d00000, 0x00000000ddf00000, 0x0000000100000000)
  eden space 103936K, 11% used [0x00000000d5d00000,0x00000000d690f660,0x00000000dc280000)
  from space 8192K, 95% used [0x00000000dd700000,0x00000000dde9f208,0x00000000ddf00000)
  to   space 13824K, 0% used [0x00000000dc400000,0x00000000dc400000,0x00000000dd180000)
 ParOldGen       total 105984K, used 21940K [0x0000000081600000, 0x0000000087d80000, 0x00000000d5d00000)
  object space 105984K, 20% used [0x0000000081600000,0x0000000082b6d3e8,0x0000000087d80000)
 Metaspace       used 43267K, capacity 44098K, committed 44376K, reserved 1087488K
  class space    used 6014K, capacity 6272K, committed 6272K, reserved 1048576K
GC Heap History (10 events):
Event: 5.841 GC heap before
{Heap before GC invocations=8 (full 1):
 PSYoungGen      total 56832K, used 56652K [0x00000000d5d00000, 0x00000000dac80000, 0x0000000100000000)
  eden space 53248K, 100% used [0x00000000d5d00000,0x00000000d9100000,0x00000000d9100000)
  from space 3584K, 95% used [0x00000000da900000,0x00000000dac53358,0x00000000dac80000)
  to   space 11264K, 0% used [0x00000000d9680000,0x00000000d9680000,0x00000000da180000)
 ParOldGen       total 64512K, used 7930K [0x0000000081600000, 0x0000000085500000, 0x00000000d5d00000)
  object space 64512K, 12% used [0x0000000081600000,0x0000000081dbe8a0,0x0000000085500000)
 Metaspace       used 26531K, capacity 27018K, committed 27392K, reserved 1073152K
  class space    used 3689K, capacity 3836K, committed 3840K, reserved 1048576K
Event: 5.872 GC heap after
Heap after GC invocations=8 (full 1):
 PSYoungGen      total 70144K, used 5381K [0x00000000d5d00000, 0x00000000dc400000, 0x0000000100000000)
  eden space 58880K, 0% used [0x00000000d5d00000,0x00000000d5d00000,0x00000000d9680000)
  from space 11264K, 47% used [0x00000000d9680000,0x00000000d9bc17f0,0x00000000da180000)
  to   space 10752K, 0% used [0x00000000db980000,0x00000000db980000,0x00000000dc400000)
 ParOldGen       total 64512K, used 7938K [0x0000000081600000, 0x0000000085500000, 0x00000000d5d00000)
  object space 64512K, 12% used [0x0000000081600000,0x0000000081dc08a0,0x0000000085500000)
 Metaspace       used 26531K, capacity 27018K, committed 27392K, reserved 1073152K
  class space    used 3689K, capacity 3836K, committed 3840K, reserved 1048576K
}
Event: 7.028 GC heap before
{Heap before GC invocations=9 (full 1):
 PSYoungGen      total 70144K, used 64261K [0x00000000d5d00000, 0x00000000dc400000, 0x0000000100000000)
  eden space 58880K, 100% used [0x00000000d5d00000,0x00000000d9680000,0x00000000d9680000)
  from space 11264K, 47% used [0x00000000d9680000,0x00000000d9bc17f0,0x00000000da180000)
  to   space 10752K, 0% used [0x00000000db980000,0x00000000db980000,0x00000000dc400000)
 ParOldGen       total 64512K, used 7938K [0x0000000081600000, 0x0000000085500000, 0x00000000d5d00000)
  object space 64512K, 12% used [0x0000000081600000,0x0000000081dc08a0,0x0000000085500000)
 Metaspace       used 30764K, capacity 31238K, committed 31616K, reserved 1077248K
  class space    used 4242K, capacity 4416K, committed 4480K, reserved 1048576K
Event: 7.035 GC heap after
Heap after GC invocations=9 (full 1):
 PSYoungGen      total 94208K, used 8796K [0x00000000d5d00000, 0x00000000dcb00000, 0x0000000100000000)
  eden space 83456K, 0% used [0x00000000d5d00000,0x00000000d5d00000,0x00000000dae80000)
  from space 10752K, 81% used [0x00000000db980000,0x00000000dc217348,0x00000000dc400000)
  to   space 11264K, 0% used [0x00000000dae80000,0x00000000dae80000,0x00000000db980000)
 ParOldGen       total 64512K, used 7946K [0x0000000081600000, 0x0000000085500000, 0x00000000d5d00000)
  object space 64512K, 12% used [0x0000000081600000,0x0000000081dc28a0,0x0000000085500000)
 Metaspace       used 30764K, capacity 31238K, committed 31616K, reserved 1077248K
  class space    used 4242K, capacity 4416K, committed 4480K, reserved 1048576K
}
Event: 8.150 GC heap before
{Heap before GC invocations=10 (full 1):
 PSYoungGen      total 94208K, used 80508K [0x00000000d5d00000, 0x00000000dcb00000, 0x0000000100000000)
  eden space 83456K, 85% used [0x00000000d5d00000,0x00000000da308050,0x00000000dae80000)
  from space 10752K, 81% used [0x00000000db980000,0x00000000dc217348,0x00000000dc400000)
  to   space 11264K, 0% used [0x00000000dae80000,0x00000000dae80000,0x00000000db980000)
 ParOldGen       total 64512K, used 7946K [0x0000000081600000, 0x0000000085500000, 0x00000000d5d00000)
  object space 64512K, 12% used [0x0000000081600000,0x0000000081dc28a0,0x0000000085500000)
 Metaspace       used 34473K, capacity 35072K, committed 35416K, reserved 1079296K
  class space    used 4755K, capacity 4963K, committed 4992K, reserved 1048576K
Event: 8.170 GC heap after
Heap after GC invocations=10 (full 1):
 PSYoungGen      total 94720K, used 11234K [0x00000000d5d00000, 0x00000000de500000, 0x0000000100000000)
  eden space 83456K, 0% used [0x00000000d5d00000,0x00000000d5d00000,0x00000000dae80000)
  from space 11264K, 99% used [0x00000000dae80000,0x00000000db978a98,0x00000000db980000)
  to   space 14336K, 0% used [0x00000000dd700000,0x00000000dd700000,0x00000000de500000)
 ParOldGen       total 64512K, used 11235K [0x0000000081600000, 0x0000000085500000, 0x00000000d5d00000)
  object space 64512K, 17% used [0x0000000081600000,0x00000000820f8cd0,0x0000000085500000)
 Metaspace       used 34473K, capacity 35072K, committed 35416K, reserved 1079296K
  class space    used 4755K, capacity 4963K, committed 4992K, reserved 1048576K
}
Event: 8.170 GC heap before
{Heap before GC invocations=11 (full 2):
 PSYoungGen      total 94720K, used 11234K [0x00000000d5d00000, 0x00000000de500000, 0x0000000100000000)
  eden space 83456K, 0% used [0x00000000d5d00000,0x00000000d5d00000,0x00000000dae80000)
  from space 11264K, 99% used [0x00000000dae80000,0x00000000db978a98,0x00000000db980000)
  to   space 14336K, 0% used [0x00000000dd700000,0x00000000dd700000,0x00000000de500000)
 ParOldGen       total 64512K, used 11235K [0x0000000081600000, 0x0000000085500000, 0x00000000d5d00000)
  object space 64512K, 17% used [0x0000000081600000,0x00000000820f8cd0,0x0000000085500000)
 Metaspace       used 34473K, capacity 35072K, committed 35416K, reserved 1079296K
  class space    used 4755K, capacity 4963K, committed 4992K, reserved 1048576K
Event: 8.291 GC heap after
Heap after GC invocations=11 (full 2):
 PSYoungGen      total 94720K, used 0K [0x00000000d5d00000, 0x00000000de500000, 0x0000000100000000)
  eden space 83456K, 0% used [0x00000000d5d00000,0x00000000d5d00000,0x00000000dae80000)
  from space 11264K, 0% used [0x00000000dae80000,0x00000000dae80000,0x00000000db980000)
  to   space 14336K, 0% used [0x00000000dd700000,0x00000000dd700000,0x00000000de500000)
 ParOldGen       total 105984K, used 21868K [0x0000000081600000, 0x0000000087d80000, 0x00000000d5d00000)
  object space 105984K, 20% used [0x0000000081600000,0x0000000082b5b3d8,0x0000000087d80000)
 Metaspace       used 34473K, capacity 35072K, committed 35416K, reserved 1079296K
  class space    used 4755K, capacity 4963K, committed 4992K, reserved 1048576K
}
Event: 10.651 GC heap before
{Heap before GC invocations=12 (full 2):
 PSYoungGen      total 94720K, used 83456K [0x00000000d5d00000, 0x00000000de500000, 0x0000000100000000)
  eden space 83456K, 100% used [0x00000000d5d00000,0x00000000dae80000,0x00000000dae80000)
  from space 11264K, 0% used [0x00000000dae80000,0x00000000dae80000,0x00000000db980000)
  to   space 14336K, 0% used [0x00000000dd700000,0x00000000dd700000,0x00000000de500000)
 ParOldGen       total 105984K, used 21868K [0x0000000081600000, 0x0000000087d80000, 0x00000000d5d00000)
  object space 105984K, 20% used [0x0000000081600000,0x0000000082b5b3d8,0x0000000087d80000)
 Metaspace       used 42509K, capacity 43362K, committed 43608K, reserved 1087488K
  class space    used 5906K, capacity 6176K, committed 6272K, reserved 1048576K
Event: 10.659 GC heap after
Heap after GC invocations=12 (full 2):
 PSYoungGen      total 112128K, used 7804K [0x00000000d5d00000, 0x00000000ddf00000, 0x0000000100000000)
  eden space 103936K, 0% used [0x00000000d5d00000,0x00000000d5d00000,0x00000000dc280000)
  from space 8192K, 95% used [0x00000000dd700000,0x00000000dde9f208,0x00000000ddf00000)
  to   space 13824K, 0% used [0x00000000dc400000,0x00000000dc400000,0x00000000dd180000)
 ParOldGen       total 105984K, used 21940K [0x0000000081600000, 0x0000000087d80000, 0x00000000d5d00000)
  object space 105984K, 20% used [0x0000000081600000,0x0000000082b6d3e8,0x0000000087d80000)
 Metaspace       used 42509K, capacity 43362K, committed 43608K, reserved 1087488K
  class space    used 5906K, capacity 6176K, committed 6272K, reserved 1048576K
}

