# JRE version: Java(TM) SE Runtime Environment (8.0_144-b01) (build 1.8.0_144-b01)
# Java VM: Java HotSpot(TM) 64-Bit Server VM (25.144-b01 mixed mode windows-amd64 compressed oops)
Heap:
 PSYoungGen      total 113664K, used 4029K [0x00000000d5d00000, 0x00000000e0980000, 0x0000000100000000)
  eden space 102400K, 3% used [0x00000000d5d00000,0x00000000d60ef680,0x00000000dc100000)
  from space 11264K, 0% used [0x00000000dc100000,0x00000000dc100000,0x00000000dcc00000)
  to   space 13824K, 0% used [0x00000000dfc00000,0x00000000dfc00000,0x00000000e0980000)
 ParOldGen       total 56320K, used 21813K [0x0000000081600000, 0x0000000084d00000, 0x00000000d5d00000)
  object space 56320K, 38% used [0x0000000081600000,0x0000000082b4d6c0,0x0000000084d00000)
 Metaspace       used 35088K, capacity 35700K, committed 36056K, reserved 1081344K
  class space    used 4859K, capacity 5065K, committed 5120K, reserved 1048576K
GC Heap History (10 events):
Event: 12.879 GC heap before
{Heap before GC invocations=7 (full 1):
 PSYoungGen      total 38400K, used 33280K [0x00000000d5d00000, 0x00000000db400000, 0x0000000100000000)
  eden space 33280K, 100% used [0x00000000d5d00000,0x00000000d7d80000,0x00000000d7d80000)
  from space 5120K, 0% used [0x00000000d7d80000,0x00000000d7d80000,0x00000000d8280000)
  to   space 11264K, 0% used [0x00000000da900000,0x00000000da900000,0x00000000db400000)
 ParOldGen       total 56320K, used 10665K [0x0000000081600000, 0x0000000084d00000, 0x00000000d5d00000)
  object space 56320K, 18% used [0x0000000081600000,0x000000008206a5a8,0x0000000084d00000)
 Metaspace       used 23147K, capacity 23408K, committed 23680K, reserved 1069056K
  class space    used 3281K, capacity 3358K, committed 3456K, reserved 1048576K
Event: 12.882 GC heap after
Heap after GC invocations=7 (full 1):
 PSYoungGen      total 63488K, used 3362K [0x00000000d5d00000, 0x00000000dad00000, 0x0000000100000000)
  eden space 59392K, 0% used [0x00000000d5d00000,0x00000000d5d00000,0x00000000d9700000)
  from space 4096K, 82% used [0x00000000da900000,0x00000000dac48860,0x00000000dad00000)
  to   space 11264K, 0% used [0x00000000d9700000,0x00000000d9700000,0x00000000da200000)
 ParOldGen       total 56320K, used 10673K [0x0000000081600000, 0x0000000084d00000, 0x00000000d5d00000)
  object space 56320K, 18% used [0x0000000081600000,0x000000008206c5a8,0x0000000084d00000)
 Metaspace       used 23147K, capacity 23408K, committed 23680K, reserved 1069056K
  class space    used 3281K, capacity 3358K, committed 3456K, reserved 1048576K
}
Event: 14.978 GC heap before
{Heap before GC invocations=8 (full 1):
 PSYoungGen      total 63488K, used 62754K [0x00000000d5d00000, 0x00000000dad00000, 0x0000000100000000)
  eden space 59392K, 100% used [0x00000000d5d00000,0x00000000d9700000,0x00000000d9700000)
  from space 4096K, 82% used [0x00000000da900000,0x00000000dac48860,0x00000000dad00000)
  to   space 11264K, 0% used [0x00000000d9700000,0x00000000d9700000,0x00000000da200000)
 ParOldGen       total 56320K, used 10673K [0x0000000081600000, 0x0000000084d00000, 0x00000000d5d00000)
  object space 56320K, 18% used [0x0000000081600000,0x000000008206c5a8,0x0000000084d00000)
 Metaspace       used 26605K, capacity 27126K, committed 27520K, reserved 1073152K
  class space    used 3699K, capacity 3872K, committed 3968K, reserved 1048576K
Event: 14.984 GC heap after
Heap after GC invocations=8 (full 1):
 PSYoungGen      total 70656K, used 5873K [0x00000000d5d00000, 0x00000000dd680000, 0x0000000100000000)
  eden space 59392K, 0% used [0x00000000d5d00000,0x00000000d5d00000,0x00000000d9700000)
  from space 11264K, 52% used [0x00000000d9700000,0x00000000d9cbc618,0x00000000da200000)
  to   space 10752K, 0% used [0x00000000dcc00000,0x00000000dcc00000,0x00000000dd680000)
 ParOldGen       total 56320K, used 10681K [0x0000000081600000, 0x0000000084d00000, 0x00000000d5d00000)
  object space 56320K, 18% used [0x0000000081600000,0x000000008206e5a8,0x0000000084d00000)
 Metaspace       used 26605K, capacity 27126K, committed 27520K, reserved 1073152K
  class space    used 3699K, capacity 3872K, committed 3968K, reserved 1048576K
}
Event: 15.498 GC heap before
{Heap before GC invocations=9 (full 1):
 PSYoungGen      total 70656K, used 65265K [0x00000000d5d00000, 0x00000000dd680000, 0x0000000100000000)
  eden space 59392K, 100% used [0x00000000d5d00000,0x00000000d9700000,0x00000000d9700000)
  from space 11264K, 52% used [0x00000000d9700000,0x00000000d9cbc618,0x00000000da200000)
  to   space 10752K, 0% used [0x00000000dcc00000,0x00000000dcc00000,0x00000000dd680000)
 ParOldGen       total 56320K, used 10681K [0x0000000081600000, 0x0000000084d00000, 0x00000000d5d00000)
  object space 56320K, 18% used [0x0000000081600000,0x000000008206e5a8,0x0000000084d00000)
 Metaspace       used 30898K, capacity 31430K, committed 31872K, reserved 1077248K
  class space    used 4263K, capacity 4416K, committed 4480K, reserved 1048576K
Event: 15.507 GC heap after
Heap after GC invocations=9 (full 1):
 PSYoungGen      total 113152K, used 8973K [0x00000000d5d00000, 0x00000000dd880000, 0x0000000100000000)
  eden space 102400K, 0% used [0x00000000d5d00000,0x00000000d5d00000,0x00000000dc100000)
  from space 10752K, 83% used [0x00000000dcc00000,0x00000000dd4c3558,0x00000000dd680000)
  to   space 11264K, 0% used [0x00000000dc100000,0x00000000dc100000,0x00000000dcc00000)
 ParOldGen       total 56320K, used 10689K [0x0000000081600000, 0x0000000084d00000, 0x00000000d5d00000)
  object space 56320K, 18% used [0x0000000081600000,0x00000000820705a8,0x0000000084d00000)
 Metaspace       used 30898K, capacity 31430K, committed 31872K, reserved 1077248K
  class space    used 4263K, capacity 4416K, committed 4480K, reserved 1048576K
}
Event: 16.219 GC heap before
{Heap before GC invocations=10 (full 1):
 PSYoungGen      total 113152K, used 74726K [0x00000000d5d00000, 0x00000000dd880000, 0x0000000100000000)
  eden space 102400K, 64% used [0x00000000d5d00000,0x00000000d9d364f8,0x00000000dc100000)
  from space 10752K, 83% used [0x00000000dcc00000,0x00000000dd4c3558,0x00000000dd680000)
  to   space 11264K, 0% used [0x00000000dc100000,0x00000000dc100000,0x00000000dcc00000)
 ParOldGen       total 56320K, used 10689K [0x0000000081600000, 0x0000000084d00000, 0x00000000d5d00000)
  object space 56320K, 18% used [0x0000000081600000,0x00000000820705a8,0x0000000084d00000)
 Metaspace       used 34511K, capacity 35072K, committed 35416K, reserved 1079296K
  class space    used 4759K, capacity 4963K, committed 4992K, reserved 1048576K
Event: 16.230 GC heap after
Heap after GC invocations=10 (full 1):
 PSYoungGen      total 113664K, used 11250K [0x00000000d5d00000, 0x00000000e0980000, 0x0000000100000000)
  eden space 102400K, 0% used [0x00000000d5d00000,0x00000000d5d00000,0x00000000dc100000)
  from space 11264K, 99% used [0x00000000dc100000,0x00000000dcbfcaa8,0x00000000dcc00000)
  to   space 13824K, 0% used [0x00000000dfc00000,0x00000000dfc00000,0x00000000e0980000)
 ParOldGen       total 56320K, used 13885K [0x0000000081600000, 0x0000000084d00000, 0x00000000d5d00000)
  object space 56320K, 24% used [0x0000000081600000,0x000000008238f5c8,0x0000000084d00000)
 Metaspace       used 34511K, capacity 35072K, committed 35416K, reserved 1079296K
  class space    used 4759K, capacity 4963K, committed 4992K, reserved 1048576K
}
Event: 16.230 GC heap before
{Heap before GC invocations=11 (full 2):
 PSYoungGen      total 113664K, used 11250K [0x00000000d5d00000, 0x00000000e0980000, 0x0000000100000000)
  eden space 102400K, 0% used [0x00000000d5d00000,0x00000000d5d00000,0x00000000dc100000)
  from space 11264K, 99% used [0x00000000dc100000,0x00000000dcbfcaa8,0x00000000dcc00000)
  to   space 13824K, 0% used [0x00000000dfc00000,0x00000000dfc00000,0x00000000e0980000)
 ParOldGen       total 56320K, used 13885K [0x0000000081600000, 0x0000000084d00000, 0x00000000d5d00000)
  object space 56320K, 24% used [0x0000000081600000,0x000000008238f5c8,0x0000000084d00000)
 Metaspace       used 34511K, capacity 35072K, committed 35416K, reserved 1079296K
  class space    used 4759K, capacity 4963K, committed 4992K, reserved 1048576K
Event: 16.300 GC heap after
Heap after GC invocations=11 (full 2):
 PSYoungGen      total 113664K, used 0K [0x00000000d5d00000, 0x00000000e0980000, 0x0000000100000000)
  eden space 102400K, 0% used [0x00000000d5d00000,0x00000000d5d00000,0x00000000dc100000)
  from space 11264K, 0% used [0x00000000dc100000,0x00000000dc100000,0x00000000dcc00000)
  to   space 13824K, 0% used [0x00000000dfc00000,0x00000000dfc00000,0x00000000e0980000)
 ParOldGen       total 56320K, used 21813K [0x0000000081600000, 0x0000000084d00000, 0x00000000d5d00000)
  object space 56320K, 38% used [0x0000000081600000,0x0000000082b4d6c0,0x0000000084d00000)
 Metaspace       used 34511K, capacity 35072K, committed 35416K, reserved 1079296K
  class space    used 4759K, capacity 4963K, committed 4992K, reserved 1048576K
}

